<?xml version="1.0" encoding="UTF-8"?>
<testng-results skipped="0" failed="0" ignored="0" total="1" passed="1">
  <reporter-output>
  </reporter-output>
  <suite name="Default suite" duration-ms="48" started-at="2021-06-26T10:58:59Z" finished-at="2021-06-26T10:58:59Z">
    <groups>
    </groups>
    <test name="Default test" duration-ms="48" started-at="2021-06-26T10:58:59Z" finished-at="2021-06-26T10:58:59Z">
      <class name="HomeWork.PrintMahaUsers">
        <test-method status="PASS" signature="f()[pri:0, instance:HomeWork.PrintMahaUsers@6d78f375]" name="f" duration-ms="16" started-at="2021-06-26T16:28:59Z" finished-at="2021-06-26T16:28:59Z">
          <reporter-output>
          </reporter-output>
        </test-method> <!-- f -->
      </class> <!-- HomeWork.PrintMahaUsers -->
    </test> <!-- Default test -->
  </suite> <!-- Default suite -->
</testng-results>
